Log file open, 04/26/18 18:02:55
LogInit:Display: Running engine for game: ProjectBad
LogPlatformFile: Not using cached read wrapper
LogInit:Display: RandInit(1237866958) SRandInit(1237866958).
LogTaskGraph: Started task graph with 5 named threads and 8 total threads with 1 sets of task threads.
LogStats: Stats thread started at 0.075074
LogInit: Using libcurl 7.47.1
LogInit:  - built for x86_64-pc-win32
LogInit:  - supports SSL with OpenSSL/1.0.2g
LogInit:  - supports HTTP deflate (compression) using libz 1.2.8
LogInit:  - other features:
LogInit:      CURL_VERSION_SSL
LogInit:      CURL_VERSION_LIBZ
LogInit:      CURL_VERSION_IPV6
LogInit:      CURL_VERSION_ASYNCHDNS
LogInit:      CURL_VERSION_LARGEFILE
LogInit:      CURL_VERSION_IDN
LogInit:  CurlRequestOptions (configurable via config and command line):
LogInit:  - bVerifyPeer = false  - Libcurl will NOT verify peer certificate
LogInit:  - bUseHttpProxy = false  - Libcurl will NOT use HTTP proxy
LogInit:  - bDontReuseConnections = false  - Libcurl will reuse connections
LogInit:  - CertBundlePath = nullptr  - Libcurl will use whatever was configured at build time.
LogInit: Build: ++UE4+Release-4.16-CL-3452394
LogInit: Engine Version: 4.16.0-3452394+++UE4+Release-4.16
LogInit: Compatible Engine Version: 4.16.0-3452394+++UE4+Release-4.16
LogInit: Net CL: 3452394
LogDevObjectVersion: Number of dev versions registered: 16
LogDevObjectVersion:   Dev-Blueprints (B0D832E4-1F89-4F0D-ACCF-7EB736FD4AA2): 9
LogDevObjectVersion:   Dev-Build (E1C64328-A22C-4D53-A36C-8E866417BD8C): 0
LogDevObjectVersion:   Dev-Core (375EC13C-06E4-48FB-B500-84F0262A717E): 2
LogDevObjectVersion:   Dev-Editor (E4B068ED-F494-42E9-A231-DA0B2E46BB41): 17
LogDevObjectVersion:   Dev-Framework (CFFC743F-43B0-4480-9391-14DF171D2073): 23
LogDevObjectVersion:   Dev-Mobile (B02B49B5-BB20-44E9-A304-32B752E40360): 0
LogDevObjectVersion:   Dev-Networking (A4E4105C-59A1-49B5-A7C5-40C4547EDFEE): 0
LogDevObjectVersion:   Dev-Online (39C831C9-5AE6-47DC-9A44-9C173E1C8E7C): 0
LogDevObjectVersion:   Dev-Physics (78F01B33-EBEA-4F98-B9B4-84EACCB95AA2): 0
LogDevObjectVersion:   Dev-Platform (6631380F-2D4D-43E0-8009-CF276956A95A): 0
LogDevObjectVersion:   Dev-Rendering (12F88B9F-8875-4AFC-A67C-D90C383ABD29): 15
LogDevObjectVersion:   Dev-Sequencer (7B5AE74C-D270-4C10-A958-57980B212A5A): 4
LogDevObjectVersion:   Dev-VR (D7296918-1DD6-4BDD-9DE2-64A83CC13884): 0
LogDevObjectVersion:   Dev-LoadTimes (C2A15278-BFE7-4AFE-6C17-90FF531DF755): 1
LogDevObjectVersion:   Private-Geometry (6EACA3D4-40EC-4CC1-B786-8BED09428FC5): 1
LogDevObjectVersion:   Dev-AnimPhys (29E575DD-E0A3-4627-9D10-D276232CDCEA): 3
LogInit: Compiled (64-bit): May 22 2017 17:47:00
LogInit: Compiled with Visual C++: 19.00.23026.00
LogInit: Build Configuration: Development
LogInit: Branch Name: ++UE4+Release-4.16
LogInit: Command line:  
LogInit: Base directory: C:/Program Files (x86)/Epic Games/4.16/Engine/Binaries/Win64/
LogInit: Installed Engine Build: 1
LogInit: Presizing for max 8388607 objects, including 0 objects not considered by GC, pre-allocating 0 bytes for permanent pool.
LogInit: Object subsystem initialized
[2018.04.26-23.02.55:745][  0]LogInit: Selected Device Profile: [Windows]
[2018.04.26-23.02.55:745][  0]LogInit: Applying CVar settings loaded from the selected device profile: [Windows]
[2018.04.26-23.02.55:754][  0]LogInit: Computer: T248-7
[2018.04.26-23.02.55:754][  0]LogInit: User: student
[2018.04.26-23.02.55:754][  0]LogInit: CPU Page size=4096, Cores=4
[2018.04.26-23.02.55:754][  0]LogInit: High frequency timer resolution =3.507597 MHz
[2018.04.26-23.02.55:755][  0]LogMemory: Memory total: Physical=15.9GB (16GB approx)
[2018.04.26-23.02.55:755][  0]LogMemory: Platform Memory Stats for Windows
[2018.04.26-23.02.55:755][  0]LogMemory: Process Physical Memory: 275.57 MB used, 275.57 MB peak
[2018.04.26-23.02.55:755][  0]LogMemory: Process Virtual Memory: 263.89 MB used, 263.89 MB peak
[2018.04.26-23.02.55:755][  0]LogMemory: Physical Memory: 3708.50 MB used,  12614.97 MB free, 16323.47 MB total
[2018.04.26-23.02.55:755][  0]LogMemory: Virtual Memory: 629.63 MB used,  12614.97 MB free, 8388608.00 MB total
[2018.04.26-23.02.55:807][  0]LogInit: Using OS detected language (en-US).
[2018.04.26-23.02.55:807][  0]LogInit: Using OS detected locale (en-US).
[2018.04.26-23.02.55:809][  0]LogTextLocalizationManager: No specific localization for 'en-US' exists, so the 'en' localization will be used.
[2018.04.26-23.02.56:524][  0]LogD3D11RHI: D3D11 adapters:
[2018.04.26-23.02.56:541][  0]LogD3D11RHI:    0. 'NVIDIA Quadro K2000' (Feature Level 11_0)
[2018.04.26-23.02.56:541][  0]LogD3D11RHI:       1989/0/7905 MB DedicatedVideo/DedicatedSystem/SharedSystem, Outputs:1, VendorId:0x10de
[2018.04.26-23.02.56:541][  0]LogD3D11RHI: Chosen D3D11 Adapter: 0
[2018.04.26-23.02.56:545][  0]LogD3D11RHI: Creating new Direct3DDevice
[2018.04.26-23.02.56:545][  0]LogD3D11RHI:     GPU DeviceId: 0xffe (for the marketing name, search the web for "GPU Device Id")
[2018.04.26-23.02.56:545][  0]LogWindows: EnumDisplayDevices:
[2018.04.26-23.02.56:545][  0]LogWindows:    0. 'NVIDIA Quadro K2000' (P:1 D:1)
[2018.04.26-23.02.56:545][  0]LogWindows:    1. 'NVIDIA Quadro K2000' (P:0 D:0)
[2018.04.26-23.02.56:545][  0]LogWindows:    2. 'NVIDIA Quadro K2000' (P:0 D:0)
[2018.04.26-23.02.56:545][  0]LogWindows:    3. 'NVIDIA Quadro K2000' (P:0 D:0)
[2018.04.26-23.02.56:545][  0]LogWindows:    4. 'RDPDD Chained DD' (P:0 D:0)
[2018.04.26-23.02.56:545][  0]LogWindows:    5. 'RDP Encoder Mirror Driver' (P:0 D:0)
[2018.04.26-23.02.56:545][  0]LogWindows:    6. 'RDP Reflector Display Driver' (P:0 D:0)
[2018.04.26-23.02.56:545][  0]LogWindows: DebugString: GetVideoDriverDetailsInvalid PrimaryIsNotTheChoosenAdapter GetVideoDriverDetailsInvalid PrimaryIsNotTheChoosenAdapter GetVideoDriverDetailsInvalid PrimaryIsNotTheChoosenAdapter FoundDriverCount:4 
[2018.04.26-23.02.56:545][  0]LogD3D11RHI:     Adapter Name: NVIDIA Quadro K2000
[2018.04.26-23.02.56:545][  0]LogD3D11RHI:   Driver Version: 376.62 (internal:21.21.13.7662, unified:376.62)
[2018.04.26-23.02.56:545][  0]LogD3D11RHI:      Driver Date: 1-10-2017
[2018.04.26-23.02.56:545][  0]LogRHI: Texture pool is 1361 MB (70% of 1945 MB)
[2018.04.26-23.02.56:553][  0]LogD3D11RHI: Async texture creation enabled
[2018.04.26-23.02.56:567][  0]LogD3D11RHI: GPU Timing Frequency: 1000.000000 (Debug: 2 2)
[2018.04.26-23.02.56:614][  0]LogShaderCompilers: Guid format shader working directory is 26 characters bigger than the processId version (D:/ProjectbadSVN/trunk/Intermediate/Shaders/WorkingDirectory/6936/).
[2018.04.26-23.02.56:614][  0]LogShaderCompilers: Cleaned the shader compiler working directory 'C:/Users/student/AppData/Local/Temp/UnrealShaderWorkingDir/9761C89742CB8C137DA26691428421ED/'.
[2018.04.26-23.02.56:614][  0]LogShaderCompilers:Display: Using Local Shader Compiler.
[2018.04.26-23.02.57:453][  0]LogTemp:Display: Loaded TP AllDesktopTargetPlatform
[2018.04.26-23.02.57:489][  0]LogTemp:Display: Loaded TP MacClientTargetPlatform
[2018.04.26-23.02.57:525][  0]LogTemp:Display: Loaded TP MacNoEditorTargetPlatform
[2018.04.26-23.02.57:560][  0]LogTemp:Display: Loaded TP MacServerTargetPlatform
[2018.04.26-23.02.57:595][  0]LogTemp:Display: Loaded TP MacTargetPlatform
[2018.04.26-23.02.57:631][  0]LogTemp:Display: Loaded TP WindowsClientTargetPlatform
[2018.04.26-23.02.57:666][  0]LogTemp:Display: Loaded TP WindowsNoEditorTargetPlatform
[2018.04.26-23.02.57:702][  0]LogTemp:Display: Loaded TP WindowsServerTargetPlatform
[2018.04.26-23.02.57:732][  0]LogTemp:Display: Loaded TP WindowsTargetPlatform
[2018.04.26-23.02.57:766][  0]LogTemp:Display: Loaded TP AndroidTargetPlatform
[2018.04.26-23.02.57:801][  0]LogTemp:Display: Loaded TP Android_ASTCTargetPlatform
[2018.04.26-23.02.57:835][  0]LogTemp:Display: Loaded TP Android_ATCTargetPlatform
[2018.04.26-23.02.57:869][  0]LogTemp:Display: Loaded TP Android_DXTTargetPlatform
[2018.04.26-23.02.57:904][  0]LogTemp:Display: Loaded TP Android_ETC1TargetPlatform
[2018.04.26-23.02.57:938][  0]LogTemp:Display: Loaded TP Android_ETC2TargetPlatform
[2018.04.26-23.02.58:007][  0]LogTemp:Display: Loaded TP Android_MultiTargetPlatform
[2018.04.26-23.02.58:007][  0]LogTemp:Display: Loaded TP Android_PVRTCTargetPlatform
[2018.04.26-23.02.58:033][  0]LogTemp:Display: Loaded TP HTML5TargetPlatform
[2018.04.26-23.02.58:102][  0]LogTemp:Display: Loaded TP IOSTargetPlatform
[2018.04.26-23.02.58:123][  0]LogTemp:Display: Loaded TP TVOSTargetPlatform
[2018.04.26-23.02.58:158][  0]LogTemp:Display: Loaded TP LinuxClientTargetPlatform
[2018.04.26-23.02.58:192][  0]LogTemp:Display: Loaded TP LinuxNoEditorTargetPlatform
[2018.04.26-23.02.58:228][  0]LogTemp:Display: Loaded TP LinuxServerTargetPlatform
[2018.04.26-23.02.58:263][  0]LogTemp:Display: Loaded TP LinuxTargetPlatform
[2018.04.26-23.02.58:263][  0]LogTargetPlatformManager:Display: Building Assets For Windows
[2018.04.26-23.02.58:561][  0]LogDerivedDataCache:Display: Max Cache Size: 512 MB
[2018.04.26-23.02.58:642][  0]LogDerivedDataCache: Loaded boot cache 0.08s 90MB C:/Users/student/AppData/Local/UnrealEngine/4.16/DerivedDataCache/Boot.ddc.
[2018.04.26-23.02.58:642][  0]LogDerivedDataCache:Display: Loaded Boot cache: C:/Users/student/AppData/Local/UnrealEngine/4.16/DerivedDataCache/Boot.ddc
[2018.04.26-23.02.58:642][  0]LogDerivedDataCache: FDerivedDataBackendGraph:  Pak pak cache file D:/ProjectbadSVN/trunk/DerivedDataCache/DDC.ddp not found, will not use a pak cache.
[2018.04.26-23.02.58:642][  0]LogDerivedDataCache: Unable to find inner node Pak for hierarchical cache Hierarchy.
[2018.04.26-23.02.58:642][  0]LogDerivedDataCache: FDerivedDataBackendGraph:  CompressedPak pak cache file D:/ProjectbadSVN/trunk/DerivedDataCache/Compressed.ddp not found, will not use a pak cache.
[2018.04.26-23.02.58:642][  0]LogDerivedDataCache: Unable to find inner node CompressedPak for hierarchical cache Hierarchy.
[2018.04.26-23.02.58:658][  0]LogDerivedDataCache:Display: Pak cache opened for reading ../../../Engine/DerivedDataCache/Compressed.ddp.
[2018.04.26-23.02.58:669][  0]LogDerivedDataCache: Using Local data cache path C:/Users/student/AppData/Local/UnrealEngine/Common/DerivedDataCache: Writable
[2018.04.26-23.02.58:677][  0]LogMaterial: Verifying Global Shaders for PCD3D_SM5
[2018.04.26-23.02.58:677][  0]LogSlate: Using Freetype 2.6.0
[2018.04.26-23.02.58:678][  0]LogSlate: SlateFontCache - WITH_FREETYPE: 1, WITH_HARFBUZZ: 1
[2018.04.26-23.02.58:678][  0]LogSlate: SlateFontCache - WITH_FREETYPE: 1, WITH_HARFBUZZ: 1
[2018.04.26-23.02.58:971][  0]LogInit: Selected Device Profile: [Windows]
[2018.04.26-23.02.58:975][  0]LogContentStreaming: Texture pool size is 0.00 MB
[2018.04.26-23.02.59:152][  0]LogMeshUtilities: Using QuadricMeshReduction for automatic static mesh reduction
[2018.04.26-23.02.59:180][  0]LogSimplygon: Simplygon DLL not present - disabling.
[2018.04.26-23.02.59:209][  0]LogMeshUtilities: Using SimplygonSwarm for distributed automatic mesh merging
[2018.04.26-23.02.59:209][  0]LogMeshUtilities: No automatic skeletal mesh reduction module available
[2018.04.26-23.02.59:209][  0]LogMeshUtilities: No automatic mesh merging module available
[2018.04.26-23.02.59:601][  0]LogNetVersion: ProjectBad , NetCL: 3452394, EngineNetVer: 2, GameNetVer: 0 (Checksum: 332437423)
[2018.04.26-23.02.59:651][  0]LogAssetRegistry: FAssetRegistry took 0.0229 seconds to start up
[2018.04.26-23.02.59:686][  0]LogPackageLocalizationCache: Processed 4 localized package path(s) for 2 prioritized culture(s) in 0.020684 seconds
[2018.04.26-23.02.59:691][  0]LogUObjectArray: 34194 objects as part of root set at end of initial load.
[2018.04.26-23.02.59:691][  0]LogUObjectAllocator: 7260424 out of 0 bytes used by permanent object pool.
[2018.04.26-23.02.59:691][  0]LogUObjectArray: CloseDisregardForGC: 0/0 objects in disregard for GC pool
[2018.04.26-23.02.59:730][  0]LogInit: WinSock: version 1.1 (2.2), MaxSocks=32767, MaxUdp=65467
[2018.04.26-23.03.01:419][  0]LogTcpMessaging: Initializing TcpMessaging bridge
[2018.04.26-23.03.01:447][  0]LogUdpMessaging: Initializing bridge on interface 0.0.0.0:0 to multicast group 230.0.0.1:6666.
[2018.04.26-23.03.01:803][  0]LogMaterial: Uniform references updated for custom material expression Custom.
[2018.04.26-23.03.02:083][  0]SourceControl: Info Source control is disabled
[2018.04.26-23.03.02:106][  0]SourceControl: Info Source control is disabled
[2018.04.26-23.03.02:136][  0]SourceControl: Info Source control is disabled
[2018.04.26-23.03.02:165][  0]SourceControl: Info Source control is disabled
[2018.04.26-23.03.02:578][  0]LogAndroidPermission: UAndroidPermissionCallbackProxy::GetInstance
[2018.04.26-23.03.02:952][  0]LogEngine: Initializing Engine...
[2018.04.26-23.03.02:952][  0]LogHMD: Failed to initialize OpenVR with code 110
[2018.04.26-23.03.03:136][  0]LogStats: UGameplayTagsManager::ConstructGameplayTagTree: Construct from data asset -  0.000 s
[2018.04.26-23.03.03:136][  0]LogStats: UGameplayTagsManager::ConstructGameplayTagTree: GameplayTagTreeChangedEvent.Broadcast -  0.000 s
[2018.04.26-23.03.03:219][  0]LogAIModule: Creating AISystem for world Untitled
[2018.04.26-23.03.03:227][  0]LogInit: XAudio2 using 'Speakers (High Definition Audio Device)' : 2 channels at 44.1 kHz using 16 bits per sample (channel mask 0x3)
[2018.04.26-23.03.03:241][  0]LogInit: FAudioDevice initialized.
[2018.04.26-23.03.03:281][  0]LogDerivedDataCache: Saved boot cache 0.04s 90MB C:/Users/student/AppData/Local/UnrealEngine/4.16/DerivedDataCache/Boot.ddc.
[2018.04.26-23.03.03:288][  0]LogInit: Texture streaming: Enabled
[2018.04.26-23.03.03:345][  0]LogEngineSessionManager: EngineSessionManager initialized
[2018.04.26-23.03.03:483][  0]LogInit: Transaction tracking system initialized
[2018.04.26-23.03.03:677][  0]BlueprintLog: New page: Editor Load
[2018.04.26-23.03.04:258][  0]LocalizationService: Info Localization service is disabled
[2018.04.26-23.03.04:693][  0]LogConsoleResponse:Display: 
[2018.04.26-23.03.04:817][  0]LogCook:Display: Max memory allowance for cook 16384mb min free memory 0mb
[2018.04.26-23.03.04:817][  0]LogCook:Display: Mobile HDR setting 1
[2018.04.26-23.03.05:452][  0]LogFileCache: Scanning file cache for directory 'D:/ProjectbadSVN/trunk/Content/' took 0.01s
[2018.04.26-23.03.05:452][  0]SourceControl: Info Source control is disabled
[2018.04.26-23.03.05:452][  0]Cmd: MAP LOAD FILE="D:/ProjectbadSVN/trunk/Content/ThirdPersonBP/Maps/ThirdPersonExampleMap.umap" TEMPLATE=0 SHOWPROGRESS=1 FEATURELEVEL=3
[2018.04.26-23.03.05:452][  0]LightingResults: New page: Lighting Build
[2018.04.26-23.03.05:479][  0]MapCheck: New page: Map Check
[2018.04.26-23.03.05:479][  0]LightingResults: New page: Lighting Build
[2018.04.26-23.03.05:577][  0]LogLinker:Warning: Can't find file '/Game/haminhduc/Ability_HUD_UI'
[2018.04.26-23.03.05:577][  0]LogLinker:Warning: Can't find file for asset '/Game/haminhduc/Ability_HUD_UI' while loading D:/ProjectbadSVN/trunk/Content/haminhduc/timer.uasset.
[2018.04.26-23.03.05:577][  0]LoadErrors:Error: Error /Game/haminhduc/timer : Can't find file for asset. /Game/haminhduc/Ability_HUD_UI
[2018.04.26-23.03.05:577][  0]LogLinker:Warning: Can't find file '/Game/haminhduc/HUD_UI'
[2018.04.26-23.03.05:577][  0]LogLinker:Warning: Can't find file for asset '/Game/haminhduc/HUD_UI' while loading D:/ProjectbadSVN/trunk/Content/haminhduc/timer.uasset.
[2018.04.26-23.03.05:577][  0]LoadErrors:Error: Error /Game/haminhduc/timer : Can't find file for asset. /Game/haminhduc/HUD_UI
[2018.04.26-23.03.05:577][  0]LogLinker:Warning: Can't find file '/Game/haminhduc/Ability_HUD_UI'
[2018.04.26-23.03.05:577][  0]LogLinker:Warning: Can't find file for asset '/Game/haminhduc/Ability_HUD_UI' while loading D:/ProjectbadSVN/trunk/Content/haminhduc/timer.uasset.
[2018.04.26-23.03.05:577][  0]LoadErrors:Error: Error /Game/haminhduc/timer : Can't find file for asset. /Game/haminhduc/Ability_HUD_UI
[2018.04.26-23.03.05:578][  0]LogLinker:Warning: Can't find file '/Game/haminhduc/HUD_UI'
[2018.04.26-23.03.05:578][  0]LogLinker:Warning: Can't find file for asset '/Game/haminhduc/HUD_UI' while loading D:/ProjectbadSVN/trunk/Content/haminhduc/timer.uasset.
[2018.04.26-23.03.05:578][  0]LoadErrors:Error: Error /Game/haminhduc/timer : Can't find file for asset. /Game/haminhduc/HUD_UI
[2018.04.26-23.03.05:578][  0]LogLinker:Warning: Can't find file '/Game/haminhduc/HUD_UI'
[2018.04.26-23.03.05:578][  0]LoadErrors: Info Failed to load /Game/haminhduc/HUD_UI.HUD_UI Referenced by Image_44
[2018.04.26-23.03.05:578][  0]LogLinker:Warning: Can't find file for asset '/Game/haminhduc/HUD_UI' while loading D:/ProjectbadSVN/trunk/Content/haminhduc/timer.uasset.
[2018.04.26-23.03.05:578][  0]LoadErrors: Info Failed to load /Game/haminhduc/HUD_UI.HUD_UI Referenced by Image_44
[2018.04.26-23.03.05:578][  0]LoadErrors:Error: Error /Game/haminhduc/timer : Can't find file for asset. /Game/haminhduc/HUD_UI
[2018.04.26-23.03.05:578][  0]LogLinker:Warning: Can't find file '/Game/haminhduc/Ability_HUD_UI'
[2018.04.26-23.03.05:578][  0]LoadErrors: Info Failed to load /Game/haminhduc/Ability_HUD_UI.Ability_HUD_UI Referenced by Image_125
[2018.04.26-23.03.05:578][  0]LogLinker:Warning: Can't find file for asset '/Game/haminhduc/Ability_HUD_UI' while loading D:/ProjectbadSVN/trunk/Content/haminhduc/timer.uasset.
[2018.04.26-23.03.05:578][  0]LoadErrors: Info Failed to load /Game/haminhduc/Ability_HUD_UI.Ability_HUD_UI Referenced by Image_125
[2018.04.26-23.03.05:578][  0]LoadErrors:Error: Error /Game/haminhduc/timer : Can't find file for asset. /Game/haminhduc/Ability_HUD_UI
[2018.04.26-23.03.05:611][  0]LogLinker:Warning: Can't find file '/Game/haminhduc/Ability_HUD_UI'
[2018.04.26-23.03.05:612][  0]LogLinker:Warning: Can't find file for asset '/Game/haminhduc/Ability_HUD_UI' while loading D:/ProjectbadSVN/trunk/Content/haminhduc/timer.uasset.
[2018.04.26-23.03.05:612][  0]LoadErrors:Error: Error /Game/haminhduc/timer : Can't find file for asset. /Game/haminhduc/Ability_HUD_UI
[2018.04.26-23.03.05:612][  0]LogLinker:Warning: Can't find file '/Game/haminhduc/HUD_UI'
[2018.04.26-23.03.05:612][  0]LogLinker:Warning: Can't find file for asset '/Game/haminhduc/HUD_UI' while loading D:/ProjectbadSVN/trunk/Content/haminhduc/timer.uasset.
[2018.04.26-23.03.05:612][  0]LoadErrors:Error: Error /Game/haminhduc/timer : Can't find file for asset. /Game/haminhduc/HUD_UI
[2018.04.26-23.03.05:612][  0]LogLinker:Warning: Can't find file '/Game/haminhduc/Ability_HUD_UI'
[2018.04.26-23.03.05:612][  0]LogLinker:Warning: Can't find file for asset '/Game/haminhduc/Ability_HUD_UI' while loading D:/ProjectbadSVN/trunk/Content/haminhduc/timer.uasset.
[2018.04.26-23.03.05:612][  0]LoadErrors:Error: Error /Game/haminhduc/timer : Can't find file for asset. /Game/haminhduc/Ability_HUD_UI
[2018.04.26-23.03.05:612][  0]LogLinker:Warning: Can't find file '/Game/haminhduc/HUD_UI'
[2018.04.26-23.03.05:612][  0]LogLinker:Warning: Can't find file for asset '/Game/haminhduc/HUD_UI' while loading D:/ProjectbadSVN/trunk/Content/haminhduc/timer.uasset.
[2018.04.26-23.03.05:612][  0]LoadErrors:Error: Error /Game/haminhduc/timer : Can't find file for asset. /Game/haminhduc/HUD_UI
[2018.04.26-23.03.05:863][  0]LogAIModule: Creating AISystem for world ThirdPersonExampleMap
[2018.04.26-23.03.05:871][  0]LogEditorServer: Finished looking for orphan Actors (0.000 secs)
[2018.04.26-23.03.05:883][  0]Cmd: MAP CHECKDEP NOCLEARLOG
[2018.04.26-23.03.05:916][  0]MapCheck: Info Map check complete: 0 Error(s), 0 Warning(s), took 32.805ms to complete.
[2018.04.26-23.03.05:916][  0]LogFileHelpers: Loading map 'ThirdPersonExampleMap' took 0.464
[2018.04.26-23.03.06:026][  0]LogCollectionManager: Loaded 0 collections in 0.001094 seconds
[2018.04.26-23.03.06:085][  0]LogFileCache: Scanning file cache for directory 'D:/ProjectbadSVN/trunk/Saved/Collections/' took 0.01s
[2018.04.26-23.03.06:085][  0]LogFileCache: Scanning file cache for directory 'D:/ProjectbadSVN/trunk/Content/Developers/student/Collections/' took 0.01s
[2018.04.26-23.03.06:085][  0]LogFileCache: Scanning file cache for directory 'D:/ProjectbadSVN/trunk/Content/Collections/' took 0.01s
[2018.04.26-23.03.06:086][  0]LogCollectionManager: Rebuilt the GUID cache for 0 collections in 0.000001 seconds
[2018.04.26-23.03.06:094][  0]LogContentBrowser: Native class hierarchy populated in 0.0080 seconds. Added 2329 classes and 491 folders.
[2018.04.26-23.03.06:136][  0]LogContentBrowser: Native class hierarchy updated for 'WidgetCarousel' in 0.0005 seconds. Added 0 classes and 0 folders.
[2018.04.26-23.03.06:164][  0]LogContentBrowser: Native class hierarchy updated for 'AddContentDialog' in 0.0004 seconds. Added 0 classes and 0 folders.
[2018.04.26-23.03.06:194][  0]LogContentBrowser: Native class hierarchy updated for 'SceneOutliner' in 0.0005 seconds. Added 1 classes and 2 folders.
[2018.04.26-23.03.06:225][  0]LogCrashTracker: Crashtracker disabled due to settings.
[2018.04.26-23.03.06:228][  0]LogSlate: Took 0.000136 seconds to synchronously load lazily loaded font '../../../Engine/Content/Slate/Fonts/Roboto-Regular.ttf' (155K)
[2018.04.26-23.03.06:230][  0]LogSlate: Took 0.000108 seconds to synchronously load lazily loaded font '../../../Engine/Content/Slate/Fonts/Roboto-Bold.ttf' (160K)
[2018.04.26-23.03.06:234][  0]LogSlate: Took 0.000156 seconds to synchronously load lazily loaded font '../../../Engine/Content/Editor/Slate/Fonts/FontAwesome.ttf' (139K)
[2018.04.26-23.03.06:311][  0]LogRenderer: Reallocating scene render targets to support 1208x652 NumSamples 1 (Frame:1).
[2018.04.26-23.03.06:575][  0]LogContentBrowser: Native class hierarchy updated for 'HierarchicalLODOutliner' in 0.0005 seconds. Added 1 classes and 2 folders.
[2018.04.26-23.03.06:575][  0]LogLoad: (Engine Initialization) Total time: 11.83 seconds
[2018.04.26-23.03.06:575][  0]LogLoad: (Engine Initialization) Total Blueprint compile time: 0.11 seconds
[2018.04.26-23.03.06:575][  0]LogExternalProfiler: Found external profiler: VSPerf
[2018.04.26-23.03.06:575][  0]LogExternalProfiler: Using external profiler: VSPerf
[2018.04.26-23.03.06:584][  0]LogOcInput: OculusInput pre-init called
[2018.04.26-23.03.06:584][  0]LogHMD: Starting GearVRController plugin
[2018.04.26-23.03.06:603][  0]LogContentStreaming: Texture pool size now 1000 MB
[2018.04.26-23.03.06:643][  0]LogSlate: Took 0.000136 seconds to synchronously load lazily loaded font '../../../Engine/Content/Slate/Fonts/Roboto-Light.ttf' (159K)
[2018.04.26-23.03.06:673][  1]LogAssetRegistry: Asset discovery search completed in 7.0421 seconds
[2018.04.26-23.03.06:675][  1]LogCollectionManager: Rebuilt the object cache for 0 collections in 0.000003 seconds (found 0 objects)
[2018.04.26-23.03.06:675][  1]LogCollectionManager: Fixed up redirectors for 0 collections in 0.000021 seconds (updated 0 objects)
[2018.04.26-23.03.15:879][496]LogTemp: Repeting last play command: Selected Viewport
[2018.04.26-23.03.15:917][496]LogBlueprintUserMessages: Early PlayInEditor Detection: Level '/Game/ThirdPersonBP/Maps/ThirdPersonExampleMap.ThirdPersonExampleMap:PersistentLevel' has LevelScriptBlueprint '/Game/ThirdPersonBP/Maps/ThirdPersonExampleMap.ThirdPersonExampleMap:PersistentLevel.ThirdPersonExampleMap' with GeneratedClass '/Game/ThirdPersonBP/Maps/ThirdPersonExampleMap.ThirdPersonExampleMap_C' with ClassGeneratedBy '/Game/ThirdPersonBP/Maps/ThirdPersonExampleMap.ThirdPersonExampleMap:PersistentLevel.ThirdPersonExampleMap'
[2018.04.26-23.03.15:917][496]LogPlayLevel: PlayLevel: No blueprints needed recompiling
[2018.04.26-23.03.15:918][496]PIE: New page: PIE session: ThirdPersonExampleMap (Apr 26, 2018, 1:03:15 PM)
[2018.04.26-23.03.15:918][496]LogPlayLevel: Creating play world package: /Game/ThirdPersonBP/Maps/UEDPIE_0_ThirdPersonExampleMap
[2018.04.26-23.03.15:943][496]LogPlayLevel: PIE: StaticDuplicateObject took: (0.025090s)
[2018.04.26-23.03.15:944][496]LogAIModule: Creating AISystem for world ThirdPersonExampleMap
[2018.04.26-23.03.15:944][496]LogPlayLevel: PIE: World Init took: (0.000894s)
[2018.04.26-23.03.15:944][496]LogPlayLevel: PIE: Created PIE world by copying editor world from /Game/ThirdPersonBP/Maps/ThirdPersonExampleMap.ThirdPersonExampleMap to /Game/ThirdPersonBP/Maps/UEDPIE_0_ThirdPersonExampleMap.ThirdPersonExampleMap (0.026228s)
[2018.04.26-23.03.15:955][496]LogInit: XAudio2 using 'Speakers (High Definition Audio Device)' : 2 channels at 44.1 kHz using 16 bits per sample (channel mask 0x3)
[2018.04.26-23.03.15:960][496]LogInit: FAudioDevice initialized.
[2018.04.26-23.03.16:004][496]LogLoad: Game class is 'ThirdPersonGameMode_C'
[2018.04.26-23.03.16:008][496]LogWorld: Bringing World /Game/ThirdPersonBP/Maps/UEDPIE_0_ThirdPersonExampleMap.ThirdPersonExampleMap up for play (max tick rate 0) at 2018.04.26-18.03.16
[2018.04.26-23.03.16:009][496]LogLinker:Warning: Can't find file '/Game/NewLevelSequence'
[2018.04.26-23.03.16:009][496]LogLinker:Warning: Can't find file '/Game/NewLevelSequence'
[2018.04.26-23.03.16:009][496]LogUObjectGlobals:Warning: Failed to find object 'Object /Game/NewLevelSequence.NewLevelSequence'
[2018.04.26-23.03.16:009][496]LogWorld: Bringing up level for play took: 0.002699
[2018.04.26-23.03.16:037][496]LogContentBrowser: Native class hierarchy updated for 'MovieSceneCapture' in 0.0005 seconds. Added 11 classes and 0 folders.
[2018.04.26-23.03.16:038][496]PIE: Info Play in editor start time for /Game/ThirdPersonBP/Maps/UEDPIE_0_ThirdPersonExampleMap -0.216
[2018.04.26-23.03.16:039][496]LogBlueprintUserMessages: Late PlayInEditor Detection: Level '/Game/ThirdPersonBP/Maps/ThirdPersonExampleMap.ThirdPersonExampleMap:PersistentLevel' has LevelScriptBlueprint '/Game/ThirdPersonBP/Maps/ThirdPersonExampleMap.ThirdPersonExampleMap:PersistentLevel.ThirdPersonExampleMap' with GeneratedClass '/Game/ThirdPersonBP/Maps/ThirdPersonExampleMap.ThirdPersonExampleMap_C' with ClassGeneratedBy '/Game/ThirdPersonBP/Maps/ThirdPersonExampleMap.ThirdPersonExampleMap:PersistentLevel.ThirdPersonExampleMap'
[2018.04.26-23.03.21:066][772]LogBlueprintUserMessages: Early EndPlayMap Detection: Level '/Game/ThirdPersonBP/Maps/ThirdPersonExampleMap.ThirdPersonExampleMap:PersistentLevel' has LevelScriptBlueprint '/Game/ThirdPersonBP/Maps/ThirdPersonExampleMap.ThirdPersonExampleMap:PersistentLevel.ThirdPersonExampleMap' with GeneratedClass '/Game/ThirdPersonBP/Maps/ThirdPersonExampleMap.ThirdPersonExampleMap_C' with ClassGeneratedBy '/Game/ThirdPersonBP/Maps/ThirdPersonExampleMap.ThirdPersonExampleMap:PersistentLevel.ThirdPersonExampleMap'
[2018.04.26-23.03.21:111][772]LogBlueprintUserMessages: Late EndPlayMap Detection: Level '/Game/ThirdPersonBP/Maps/ThirdPersonExampleMap.ThirdPersonExampleMap:PersistentLevel' has LevelScriptBlueprint '/Game/ThirdPersonBP/Maps/ThirdPersonExampleMap.ThirdPersonExampleMap:PersistentLevel.ThirdPersonExampleMap' with GeneratedClass '/Game/ThirdPersonBP/Maps/ThirdPersonExampleMap.ThirdPersonExampleMap_C' with ClassGeneratedBy '/Game/ThirdPersonBP/Maps/ThirdPersonExampleMap.ThirdPersonExampleMap:PersistentLevel.ThirdPersonExampleMap'
[2018.04.26-23.03.21:839][814]Cmd: SELECT NONE
[2018.04.26-23.03.31:475][375]LogSlate: Took 0.000138 seconds to synchronously load lazily loaded font '../../../Engine/Content/Slate/Fonts/Roboto-Light.ttf' (159K)
[2018.04.26-23.03.32:198][375]LogAIModule: Creating AISystem for world The_House
[2018.04.26-23.03.32:216][375]Cmd: MAP LOAD FILE="D:/ProjectbadSVN/trunk/Content/The_House.umap" TEMPLATE=0 SHOWPROGRESS=1 FEATURELEVEL=3
[2018.04.26-23.03.32:216][375]LightingResults: New page: Lighting Build
[2018.04.26-23.03.32:216][375]LoadErrors: New page: Loading map: The_House.umap
[2018.04.26-23.03.32:217][375]MapCheck: New page: Map Check
[2018.04.26-23.03.32:217][375]LightingResults: New page: Lighting Build
[2018.04.26-23.03.32:232][375]LogEditorServer: Finished looking for orphan Actors (0.000 secs)
[2018.04.26-23.03.32:257][375]Cmd: MAP CHECKDEP NOCLEARLOG
[2018.04.26-23.03.32:302][375]MapCheck: Info Map check complete: 0 Error(s), 0 Warning(s), took 45.43ms to complete.
[2018.04.26-23.03.32:302][375]LogFileHelpers: Loading map 'The_House' took 0.087
[2018.04.26-23.03.35:519][466]LogTemp: Repeting last play command: Selected Viewport
[2018.04.26-23.03.35:531][466]LogPlayLevel: PlayLevel: No blueprints needed recompiling
[2018.04.26-23.03.35:531][466]PIE: New page: PIE session: The_House (Apr 26, 2018, 1:03:35 PM)
[2018.04.26-23.03.35:531][466]LogPlayLevel: Creating play world package: /Game/UEDPIE_0_The_House
[2018.04.26-23.03.35:537][466]LogPlayLevel: PIE: StaticDuplicateObject took: (0.005735s)
[2018.04.26-23.03.35:537][466]LogAIModule: Creating AISystem for world The_House
[2018.04.26-23.03.35:538][466]LogPlayLevel: PIE: World Init took: (0.000534s)
[2018.04.26-23.03.35:538][466]LogPlayLevel: PIE: Created PIE world by copying editor world from /Game/The_House.The_House to /Game/UEDPIE_0_The_House.The_House (0.006425s)
[2018.04.26-23.03.35:547][466]LogInit: XAudio2 using 'Speakers (High Definition Audio Device)' : 2 channels at 44.1 kHz using 16 bits per sample (channel mask 0x3)
[2018.04.26-23.03.35:553][466]LogInit: FAudioDevice initialized.
[2018.04.26-23.03.35:580][466]LogLoad: Game class is 'ThirdPersonGameMode_C'
[2018.04.26-23.03.35:585][466]LogWorld: Bringing World /Game/UEDPIE_0_The_House.The_House up for play (max tick rate 0) at 2018.04.26-18.03.35
[2018.04.26-23.03.35:586][466]LogWorld: Bringing up level for play took: 0.003714
[2018.04.26-23.03.35:588][466]PIE: Info Play in editor start time for /Game/UEDPIE_0_The_House -0.667
[2018.04.26-23.04.53:986][344]LogMaterial: Missing cached shader map for material White, compiling. 
[2018.04.26-23.04.54:031][344]LogMaterial: Missing cached shader map for material Black, compiling. 
[2018.04.26-23.04.54:062][344]LogStaticMesh: Building static mesh Pot...
[2018.04.26-23.04.54:089][344]LogStaticMesh: Built static mesh [0.03s] /Game/BreakableModels/Pot/Pot.Pot
[2018.04.26-23.05.00:082][487]Cmd: DELETE
[2018.04.26-23.05.00:082][487]Cmd: ACTOR DELETE
[2018.04.26-23.05.00:083][487]LogEditorActor: Deleted Actor: Pot_BP_C
[2018.04.26-23.05.00:122][487]LogEditorActor: Deleted 1 Actors (0.040 secs)
[2018.04.26-23.05.16:051][877]LogTemp: Repeting last play command: Selected Viewport
[2018.04.26-23.05.16:063][877]LogPlayLevel: PlayLevel: No blueprints needed recompiling
[2018.04.26-23.05.16:063][877]PIE: New page: PIE session: The_House (Apr 26, 2018, 1:05:16 PM)
[2018.04.26-23.05.16:063][877]LogPlayLevel: Creating play world package: /Game/UEDPIE_0_The_House
[2018.04.26-23.05.16:069][877]LogPlayLevel: PIE: StaticDuplicateObject took: (0.005589s)
[2018.04.26-23.05.16:069][877]LogAIModule: Creating AISystem for world The_House
[2018.04.26-23.05.16:069][877]LogPlayLevel: PIE: World Init took: (0.000466s)
[2018.04.26-23.05.16:069][877]LogPlayLevel: PIE: Created PIE world by copying editor world from /Game/The_House.The_House to /Game/UEDPIE_0_The_House.The_House (0.006212s)
[2018.04.26-23.05.16:079][877]LogInit: XAudio2 using 'Speakers (High Definition Audio Device)' : 2 channels at 44.1 kHz using 16 bits per sample (channel mask 0x3)
[2018.04.26-23.05.16:085][877]LogInit: FAudioDevice initialized.
[2018.04.26-23.05.16:115][877]LogLoad: Game class is 'ThirdPersonGameMode_C'
[2018.04.26-23.05.16:120][877]LogWorld: Bringing World /Game/UEDPIE_0_The_House.The_House up for play (max tick rate 0) at 2018.04.26-18.05.16
[2018.04.26-23.05.16:120][877]LogWorld: Bringing up level for play took: 0.003384
[2018.04.26-23.05.16:122][877]PIE: Info Play in editor start time for /Game/UEDPIE_0_The_House -0.135
[2018.04.26-23.05.39:692][425]LogMaterial: Missing cached shader map for material phong1, compiling. 
[2018.04.26-23.05.39:720][425]LogStaticMesh: Building static mesh Mirror...
[2018.04.26-23.05.40:220][425]LogStaticMesh: Built static mesh [0.50s] /Game/BreakableModels/Mirror/Mirror.Mirror
[2018.04.26-23.05.40:276][425]LogMaterial: Missing cached shader map for material phong2, compiling. 
[2018.04.26-23.05.40:327][425]LogMaterial: Missing cached shader map for material phong3, compiling. 
[2018.04.26-23.06.10:225][ 64]LogEditorViewport: Clicking on Actor (context menu): StaticMeshActor (Floor_400x405)
[2018.04.26-23.06.11:523][ 89]LogEditorViewport: Clicking on Actor (LMB): StaticMeshActor (Floor_400x405)
[2018.04.26-23.06.29:778][497]LogEditorViewport: Clicking on Actor (context menu): StaticMeshActor (Floor_400x400)
[2018.04.26-23.06.30:928][518]LogEditorViewport: Clicking on Actor (LMB): StaticMeshActor (Floor_400x400)
[2018.04.26-23.06.31:554][532]LogEditorViewport: Clicking on Actor (context menu): StaticMeshActor (Floor_400x400)
[2018.04.26-23.06.32:358][549]LogEditorViewport: Clicking on Actor (LMB): StaticMeshActor (Floor_400x400)
[2018.04.26-23.06.34:104][591]LogTemp: Repeting last play command: Selected Viewport
[2018.04.26-23.06.34:116][591]LogPlayLevel: PlayLevel: No blueprints needed recompiling
[2018.04.26-23.06.34:116][591]PIE: New page: PIE session: The_House (Apr 26, 2018, 1:06:34 PM)
[2018.04.26-23.06.34:116][591]LogPlayLevel: Creating play world package: /Game/UEDPIE_0_The_House
[2018.04.26-23.06.34:121][591]LogPlayLevel: PIE: StaticDuplicateObject took: (0.005432s)
[2018.04.26-23.06.34:122][591]LogAIModule: Creating AISystem for world The_House
[2018.04.26-23.06.34:122][591]LogPlayLevel: PIE: World Init took: (0.000487s)
[2018.04.26-23.06.34:122][591]LogPlayLevel: PIE: Created PIE world by copying editor world from /Game/The_House.The_House to /Game/UEDPIE_0_The_House.The_House (0.006087s)
[2018.04.26-23.06.34:146][591]LogInit: XAudio2 using 'Speakers (High Definition Audio Device)' : 2 channels at 44.1 kHz using 16 bits per sample (channel mask 0x3)
[2018.04.26-23.06.34:152][591]LogInit: FAudioDevice initialized.
[2018.04.26-23.06.34:180][591]LogLoad: Game class is 'ThirdPersonGameMode_C'
[2018.04.26-23.06.34:185][591]LogWorld: Bringing World /Game/UEDPIE_0_The_House.The_House up for play (max tick rate 0) at 2018.04.26-18.06.34
[2018.04.26-23.06.34:185][591]LogWorld: Bringing up level for play took: 0.003728
[2018.04.26-23.06.34:187][591]PIE: Info Play in editor start time for /Game/UEDPIE_0_The_House -0.072
[2018.04.26-23.06.39:072][697]LogCharacterMovement: ThirdPersonCharacter_C_0 is stuck and failed to move! Velocity: X=75.71 Y=60.32 Z=0.00 Location: X=1453.06 Y=1164.43 Z=845.00 Normal: X=-0.72 Y=0.44 Z=0.54 PenetrationDepth:7.020 Actor:Fridge_BP_80 Component:Fridge_DM BoneName:Part036 (0 other events since notify)
[2018.04.26-23.06.53:529][976]LogTemp: Repeting last play command: Selected Viewport
[2018.04.26-23.06.53:541][976]LogPlayLevel: PlayLevel: No blueprints needed recompiling
[2018.04.26-23.06.53:541][976]PIE: New page: PIE session: The_House (Apr 26, 2018, 1:06:53 PM)
[2018.04.26-23.06.53:541][976]LogPlayLevel: Creating play world package: /Game/UEDPIE_0_The_House
[2018.04.26-23.06.53:547][976]LogPlayLevel: PIE: StaticDuplicateObject took: (0.005652s)
[2018.04.26-23.06.53:547][976]LogAIModule: Creating AISystem for world The_House
[2018.04.26-23.06.53:547][976]LogPlayLevel: PIE: World Init took: (0.000456s)
[2018.04.26-23.06.53:548][976]LogPlayLevel: PIE: Created PIE world by copying editor world from /Game/The_House.The_House to /Game/UEDPIE_0_The_House.The_House (0.006284s)
[2018.04.26-23.06.53:558][976]LogInit: XAudio2 using 'Speakers (High Definition Audio Device)' : 2 channels at 44.1 kHz using 16 bits per sample (channel mask 0x3)
[2018.04.26-23.06.53:563][976]LogInit: FAudioDevice initialized.
[2018.04.26-23.06.53:595][976]LogLoad: Game class is 'ThirdPersonGameMode_C'
[2018.04.26-23.06.53:600][976]LogWorld: Bringing World /Game/UEDPIE_0_The_House.The_House up for play (max tick rate 0) at 2018.04.26-18.06.53
[2018.04.26-23.06.53:600][976]LogWorld: Bringing up level for play took: 0.003649
[2018.04.26-23.06.53:602][976]PIE: Info Play in editor start time for /Game/UEDPIE_0_The_House -0.658
[2018.04.26-23.07.02:522][190]LogCharacterMovement: ThirdPersonCharacter_C_0 is stuck and failed to move! Velocity: X=-80.59 Y=104.59 Z=0.00 Location: X=1625.36 Y=1242.92 Z=820.94 Normal: X=0.05 Y=-1.00 Z=-0.00 PenetrationDepth:0.032 Actor:Fridge_BP_80 Component:Fridge_DM BoneName:Part039 (0 other events since notify)
[2018.04.26-23.07.41:847][998]LogEditorViewport: Clicking on Actor (LMB): Mirror_BP_C (Mirror_BP)
[2018.04.26-23.08.11:975][681]LogTemp: Repeting last play command: Selected Viewport
[2018.04.26-23.08.11:987][681]LogPlayLevel: PlayLevel: No blueprints needed recompiling
[2018.04.26-23.08.11:987][681]PIE: New page: PIE session: The_House (Apr 26, 2018, 1:08:11 PM)
[2018.04.26-23.08.11:987][681]LogPlayLevel: Creating play world package: /Game/UEDPIE_0_The_House
[2018.04.26-23.08.11:993][681]LogPlayLevel: PIE: StaticDuplicateObject took: (0.005571s)
[2018.04.26-23.08.11:993][681]LogAIModule: Creating AISystem for world The_House
[2018.04.26-23.08.11:994][681]LogPlayLevel: PIE: World Init took: (0.000561s)
[2018.04.26-23.08.11:994][681]LogPlayLevel: PIE: Created PIE world by copying editor world from /Game/The_House.The_House to /Game/UEDPIE_0_The_House.The_House (0.006288s)
[2018.04.26-23.08.12:017][681]LogInit: XAudio2 using 'Speakers (High Definition Audio Device)' : 2 channels at 44.1 kHz using 16 bits per sample (channel mask 0x3)
[2018.04.26-23.08.12:023][681]LogInit: FAudioDevice initialized.
[2018.04.26-23.08.12:054][681]LogLoad: Game class is 'ThirdPersonGameMode_C'
[2018.04.26-23.08.12:059][681]LogWorld: Bringing World /Game/UEDPIE_0_The_House.The_House up for play (max tick rate 0) at 2018.04.26-18.08.12
[2018.04.26-23.08.12:059][681]LogWorld: Bringing up level for play took: 0.003585
[2018.04.26-23.08.12:061][681]PIE: Info Play in editor start time for /Game/UEDPIE_0_The_House -0.2
[2018.04.26-23.09.52:313][589]LogEditorViewport: Clicking on Actor (LMB): Mirror_BP_C (Mirror_BP)
[2018.04.26-23.12.41:697][234]LogEditorViewport: Clicking on Actor (LMB): StaticMeshActor (Mirror)
[2018.04.26-23.12.45:395][310]LogEditorViewport: Clicking on Actor (LMB): Mirror_BP_C (Mirror_BP)
[2018.04.26-23.12.50:455][416]LogEditorViewport: Clicking on Actor (LMB): StaticMeshActor (Mirror)
[2018.04.26-23.12.51:670][440]Cmd: DELETE
[2018.04.26-23.12.51:670][440]Cmd: ACTOR DELETE
[2018.04.26-23.12.51:670][440]LogEditorActor: Deleted Actor: StaticMeshActor
[2018.04.26-23.12.51:716][440]LogEditorActor: Deleted 1 Actors (0.047 secs)
[2018.04.26-23.12.52:338][454]LogEditorViewport: Clicking on Actor (LMB): Mirror_BP_C (Mirror_BP)
[2018.04.26-23.13.20:259][ 40]LogTemp: Repeting last play command: Selected Viewport
[2018.04.26-23.13.20:271][ 40]LogPlayLevel: PlayLevel: No blueprints needed recompiling
[2018.04.26-23.13.20:271][ 40]PIE: New page: PIE session: The_House (Apr 26, 2018, 1:13:20 PM)
[2018.04.26-23.13.20:271][ 40]LogPlayLevel: Creating play world package: /Game/UEDPIE_0_The_House
[2018.04.26-23.13.20:277][ 40]LogPlayLevel: PIE: StaticDuplicateObject took: (0.005565s)
[2018.04.26-23.13.20:277][ 40]LogAIModule: Creating AISystem for world The_House
[2018.04.26-23.13.20:277][ 40]LogPlayLevel: PIE: World Init took: (0.000476s)
[2018.04.26-23.13.20:278][ 40]LogPlayLevel: PIE: Created PIE world by copying editor world from /Game/The_House.The_House to /Game/UEDPIE_0_The_House.The_House (0.006246s)
[2018.04.26-23.13.20:308][ 40]LogInit: XAudio2 using 'Speakers (High Definition Audio Device)' : 2 channels at 44.1 kHz using 16 bits per sample (channel mask 0x3)
[2018.04.26-23.13.20:313][ 40]LogInit: FAudioDevice initialized.
[2018.04.26-23.13.20:343][ 40]LogLoad: Game class is 'ThirdPersonGameMode_C'
[2018.04.26-23.13.20:348][ 40]LogWorld: Bringing World /Game/UEDPIE_0_The_House.The_House up for play (max tick rate 0) at 2018.04.26-18.13.20
[2018.04.26-23.13.20:348][ 40]LogWorld: Bringing up level for play took: 0.003606
[2018.04.26-23.13.20:351][ 40]PIE: Info Play in editor start time for /Game/UEDPIE_0_The_House 0.08
[2018.04.26-23.13.37:485][376]Cmd: TRANSACTION UNDO
[2018.04.26-23.13.37:485][376]LogEditorTransaction: Undo Move Actors
[2018.04.26-23.13.37:620][376]LogSlate: Took 0.000164 seconds to synchronously load lazily loaded font '../../../Engine/Content/Slate/Fonts/Roboto-Light.ttf' (159K)
[2018.04.26-23.13.40:590][444]Cmd: TRANSACTION UNDO
[2018.04.26-23.13.40:590][444]LogEditorTransaction: Undo Move Actors
[2018.04.26-23.13.49:898][646]LogTemp: Repeting last play command: Selected Viewport
[2018.04.26-23.13.49:911][646]LogPlayLevel: PlayLevel: No blueprints needed recompiling
[2018.04.26-23.13.49:911][646]PIE: New page: PIE session: The_House (Apr 26, 2018, 1:13:49 PM)
[2018.04.26-23.13.49:911][646]LogPlayLevel: Creating play world package: /Game/UEDPIE_0_The_House
[2018.04.26-23.13.49:916][646]LogPlayLevel: PIE: StaticDuplicateObject took: (0.005622s)
[2018.04.26-23.13.49:917][646]LogAIModule: Creating AISystem for world The_House
[2018.04.26-23.13.49:917][646]LogPlayLevel: PIE: World Init took: (0.000506s)
[2018.04.26-23.13.49:917][646]LogPlayLevel: PIE: Created PIE world by copying editor world from /Game/The_House.The_House to /Game/UEDPIE_0_The_House.The_House (0.006282s)
[2018.04.26-23.13.49:947][646]LogInit: XAudio2 using 'Speakers (High Definition Audio Device)' : 2 channels at 44.1 kHz using 16 bits per sample (channel mask 0x3)
[2018.04.26-23.13.49:953][646]LogInit: FAudioDevice initialized.
[2018.04.26-23.13.49:984][646]LogLoad: Game class is 'ThirdPersonGameMode_C'
[2018.04.26-23.13.49:989][646]LogWorld: Bringing World /Game/UEDPIE_0_The_House.The_House up for play (max tick rate 0) at 2018.04.26-18.13.49
[2018.04.26-23.13.49:989][646]LogWorld: Bringing up level for play took: 0.003922
[2018.04.26-23.13.49:991][646]PIE: Info Play in editor start time for /Game/UEDPIE_0_The_House -0.28
[2018.04.26-23.15.51:206][253]LogStaticMesh: Building static mesh RockingChair...
[2018.04.26-23.15.52:887][253]LogStaticMesh: Built static mesh [1.68s] /Game/BreakableModels/RockingChair/RockingChair.RockingChair
[2018.04.26-23.15.52:960][253]LogMaterial: Missing cached shader map for material Brown, compiling. 
[2018.04.26-23.17.13:229][676]LogEditorViewport: Clicking on Actor (LMB): StaticMeshActor (Chest)
[2018.04.26-23.17.14:604][698]LogEditorViewport: Clicking on Actor (LMB): RockingChair_BP_C (RockingChair_BP)
[2018.04.26-23.17.16:307][727]LogEditorViewport: Clicking on Actor (LMB): StaticMeshActor (RockingChair)
[2018.04.26-23.17.24:852][880]LogEditorViewport: Clicking on Actor (LMB): RockingChair_BP_C (RockingChair_BP)
[2018.04.26-23.17.31:920][  4]LogEditorViewport: Clicking on Actor (LMB): StaticMeshActor (Wall_400x217)
[2018.04.26-23.17.36:488][ 85]LogEditorViewport: Clicking on Actor (LMB): StaticMeshActor (Floor_400x405)
[2018.04.26-23.17.48:192][257]Cmd: TRANSACTION UNDO
[2018.04.26-23.17.48:192][257]LogEditorTransaction: Undo Set actor scale
[2018.04.26-23.17.50:382][289]LogEditorViewport: Clicking on Actor (LMB): StaticMeshActor (Wall_400x215)
[2018.04.26-23.17.51:678][310]LogEditorViewport: Clicking on Actor (LMB): RockingChair_BP_C (RockingChair_BP)
[2018.04.26-23.18.00:163][467]Cmd: TRANSACTION UNDO
[2018.04.26-23.18.00:163][467]LogEditorTransaction: Undo Clicking on Actors
[2018.04.26-23.18.01:556][490]Cmd: TRANSACTION UNDO
[2018.04.26-23.18.01:556][490]LogEditorTransaction: Undo Clicking on Actors
[2018.04.26-23.18.05:617][560]Cmd: TRANSACTION UNDO
[2018.04.26-23.18.05:617][560]LogEditorTransaction: Undo Scale Actors
[2018.04.26-23.18.06:264][571]Cmd: TRANSACTION UNDO
[2018.04.26-23.18.06:264][571]LogEditorTransaction: Undo Set actor scale
[2018.04.26-23.18.13:029][688]LogEditorViewport: Clicking on Actor (LMB): StaticMeshActor (RockingChair)
[2018.04.26-23.18.15:480][730]LogEditorViewport: Clicking on Actor (LMB): RockingChair_BP_C (RockingChair_BP)
[2018.04.26-23.18.24:704][892]LogEditorViewport: Clicking on Actor (LMB): StaticMeshActor (RockingChair)
[2018.04.26-23.18.28:160][952]LogEditorViewport: Clicking on Actor (LMB): RockingChair_BP_C (RockingChair_BP)
[2018.04.26-23.18.47:588][295]LogEditorViewport: Clicking on Actor (LMB): StaticMeshActor (RockingChair)
[2018.04.26-23.19.01:551][544]Cmd: DELETE
[2018.04.26-23.19.01:551][544]Cmd: ACTOR DELETE
[2018.04.26-23.19.01:552][544]LogEditorActor: Deleted Actor: StaticMeshActor
[2018.04.26-23.19.01:607][544]LogEditorActor: Deleted 1 Actors (0.056 secs)
[2018.04.26-23.19.03:474][578]LogEditorViewport: Clicking on Actor (LMB): RockingChair_BP_C (RockingChair_BP)
[2018.04.26-23.19.17:339][829]LogSlate: Took 0.008366 seconds to synchronously load lazily loaded font '../../../Engine/Content/Editor/Slate/Fonts/Roboto-Italic.ttf' (157K)
[2018.04.26-23.19.37:072][188]LogEditorViewport: Clicking on Actor (LMB): StaticMeshActor (Floor_400x405)
[2018.04.26-23.19.49:015][371]LogEditorViewport: Clicking on Actor (LMB): StaticMeshActor (Floor_400x405)
[2018.04.26-23.19.55:601][488]LogTemp: Repeting last play command: Selected Viewport
[2018.04.26-23.19.55:613][488]LogPlayLevel: PlayLevel: No blueprints needed recompiling
[2018.04.26-23.19.55:613][488]PIE: New page: PIE session: The_House (Apr 26, 2018, 1:19:55 PM)
[2018.04.26-23.19.55:614][488]LogPlayLevel: Creating play world package: /Game/UEDPIE_0_The_House
[2018.04.26-23.19.55:619][488]LogPlayLevel: PIE: StaticDuplicateObject took: (0.005874s)
[2018.04.26-23.19.55:620][488]LogAIModule: Creating AISystem for world The_House
[2018.04.26-23.19.55:620][488]LogPlayLevel: PIE: World Init took: (0.000508s)
[2018.04.26-23.19.55:620][488]LogPlayLevel: PIE: Created PIE world by copying editor world from /Game/The_House.The_House to /Game/UEDPIE_0_The_House.The_House (0.006546s)
[2018.04.26-23.19.55:659][488]LogInit: XAudio2 using 'Speakers (High Definition Audio Device)' : 2 channels at 44.1 kHz using 16 bits per sample (channel mask 0x3)
[2018.04.26-23.19.55:665][488]LogInit: FAudioDevice initialized.
[2018.04.26-23.19.55:693][488]LogLoad: Game class is 'ThirdPersonGameMode_C'
[2018.04.26-23.19.55:698][488]LogWorld: Bringing World /Game/UEDPIE_0_The_House.The_House up for play (max tick rate 0) at 2018.04.26-18.19.55
[2018.04.26-23.19.55:698][488]LogWorld: Bringing up level for play took: 0.003707
[2018.04.26-23.19.55:701][488]PIE: Info Play in editor start time for /Game/UEDPIE_0_The_House -0.581
[2018.04.26-23.21.05:611][840]LogStaticMesh: Building static mesh Lamp...
[2018.04.26-23.21.05:732][840]LogStaticMesh: Built static mesh [0.12s] /Game/BreakableModels/Lamp/Lamp.Lamp
[2018.04.26-23.21.05:752][840]LogMaterial: Missing cached shader map for material White, compiling. 
[2018.04.26-23.21.05:786][840]LogMaterial: Missing cached shader map for material Gray, compiling. 
[2018.04.26-23.21.09:564][926]LogEditorViewport: Clicking on Actor (LMB): StaticMeshActor (Lamp)
[2018.04.26-23.21.18:174][129]LogEditorViewport: Clicking on Actor (LMB): Lamp_BP_C (Lamp_BP)
[2018.04.26-23.21.41:369][671]LogEditorViewport: Clicking on Actor (LMB): StaticMeshActor (Lamp)
[2018.04.26-23.21.44:825][751]Cmd: DELETE
[2018.04.26-23.21.44:825][751]Cmd: ACTOR DELETE
[2018.04.26-23.21.44:825][751]LogEditorActor: Deleted Actor: StaticMeshActor
[2018.04.26-23.21.44:868][751]LogEditorActor: Deleted 1 Actors (0.043 secs)
[2018.04.26-23.21.46:912][800]LogEditorViewport: Clicking on Actor (LMB): Lamp_BP_C (Lamp_BP)
[2018.04.26-23.22.12:848][402]LogEditorViewport: Clicking on Actor (LMB): StaticMeshActor (Floor_400x401)
[2018.04.26-23.22.17:943][520]LogTemp: Repeting last play command: Selected Viewport
[2018.04.26-23.22.17:955][520]LogPlayLevel: PlayLevel: No blueprints needed recompiling
[2018.04.26-23.22.17:955][520]PIE: New page: PIE session: The_House (Apr 26, 2018, 1:22:17 PM)
[2018.04.26-23.22.17:955][520]LogPlayLevel: Creating play world package: /Game/UEDPIE_0_The_House
[2018.04.26-23.22.17:961][520]LogPlayLevel: PIE: StaticDuplicateObject took: (0.005628s)
[2018.04.26-23.22.17:961][520]LogAIModule: Creating AISystem for world The_House
[2018.04.26-23.22.17:961][520]LogPlayLevel: PIE: World Init took: (0.000466s)
[2018.04.26-23.22.17:962][520]LogPlayLevel: PIE: Created PIE world by copying editor world from /Game/The_House.The_House to /Game/UEDPIE_0_The_House.The_House (0.006281s)
[2018.04.26-23.22.17:990][520]LogInit: XAudio2 using 'Speakers (High Definition Audio Device)' : 2 channels at 44.1 kHz using 16 bits per sample (channel mask 0x3)
[2018.04.26-23.22.17:996][520]LogInit: FAudioDevice initialized.
[2018.04.26-23.22.18:025][520]LogLoad: Game class is 'ThirdPersonGameMode_C'
[2018.04.26-23.22.18:030][520]LogWorld: Bringing World /Game/UEDPIE_0_The_House.The_House up for play (max tick rate 0) at 2018.04.26-18.22.18
[2018.04.26-23.22.18:031][520]LogWorld: Bringing up level for play took: 0.004001
[2018.04.26-23.22.18:033][520]PIE: Info Play in editor start time for /Game/UEDPIE_0_The_House -0.252
[2018.04.26-23.22.49:623][251]Cmd: OBJ SAVEPACKAGE PACKAGE="/Game/The_House" FILE="D:/ProjectbadSVN/trunk/Saved/Autosaves/Game/The_House_Auto1.umap" SILENT=true AUTOSAVING=true KEEPDIRTY=false
[2018.04.26-23.22.49:763][251]LogSavePackage: Save=134.34ms
[2018.04.26-23.22.49:763][251]LogSavePackage: Moving 'D:/ProjectbadSVN/trunk/Saved/The_House_Auto107EDF3AA47DF07B69C1B0A87B7C4F272.tmp' to 'D:/ProjectbadSVN/trunk/Saved/Autosaves/Game/The_House_Auto1.umap'
[2018.04.26-23.22.49:763][251]LogSavePackage:Display: Finished SavePackage D:/ProjectbadSVN/trunk/Saved/Autosaves/Game/The_House_Auto1.umap
[2018.04.26-23.22.49:765][251]LogFileHelpers: Editor autosave (incl. sublevels) for '/Game/The_House' took 0.153
[2018.04.26-23.22.49:765][251]LogFileHelpers: Editor autosave (incl. sublevels) for all levels took 0.153
[2018.04.26-23.23.42:809][485]LogMaterial: Missing cached shader map for material White, compiling. 
[2018.04.26-23.23.42:838][485]LogStaticMesh: Building static mesh Oven...
[2018.04.26-23.23.42:882][485]LogStaticMesh: Built static mesh [0.04s] /Game/BreakableModels/Oven/Oven.Oven
[2018.04.26-23.23.42:892][485]LogMaterial: Missing cached shader map for material Glass, compiling. 
[2018.04.26-23.23.42:941][485]LogMaterial: Missing cached shader map for material Black, compiling. 
[2018.04.26-23.23.47:925][591]LogEditorViewport: Clicking on Actor (LMB): StaticMeshActor (Oven)
[2018.04.26-23.24.00:069][852]Cmd: DELETE
[2018.04.26-23.24.00:069][852]Cmd: ACTOR DELETE
[2018.04.26-23.24.00:069][852]LogEditorActor: Deleted Actor: StaticMeshActor
[2018.04.26-23.24.00:115][852]LogEditorActor: Deleted 1 Actors (0.046 secs)
[2018.04.26-23.24.01:404][880]LogEditorViewport: Clicking on Actor (LMB): Oven_BP_C (Oven_BP)
[2018.04.26-23.25.11:485][378]LogEditorViewport: Clicking on Actor (LMB): StaticMeshActor (Floor_400x400)
[2018.04.26-23.25.12:987][410]LogEditorViewport: Clicking on Actor (LMB): Oven_BP_C (Oven_BP)
[2018.04.26-23.26.03:406][440]Cmd: OBJ SAVEPACKAGE PACKAGE="/Game/The_House" FILE="D:/ProjectbadSVN/trunk/Content/The_House.umap" SILENT=true AUTOSAVING=false KEEPDIRTY=false
[2018.04.26-23.26.03:549][440]LogSavePackage: Save=133.86ms
[2018.04.26-23.26.03:549][440]LogSavePackage: Moving 'D:/ProjectbadSVN/trunk/Saved/The_HouseDC1CAF5B4B9377A65838BAA1D22EF46C.tmp' to 'D:/ProjectbadSVN/trunk/Content/The_House.umap'
[2018.04.26-23.26.03:550][440]LogSavePackage:Display: Finished SavePackage D:/ProjectbadSVN/trunk/Content/The_House.umap
[2018.04.26-23.26.03:567][440]LogFileHelpers: Saving map 'The_House' took 0.208
[2018.04.26-23.26.03:766][441]Cmd: QUIT_EDITOR
[2018.04.26-23.26.03:786][441]LogExit: Preparing to exit.
[2018.04.26-23.26.04:658][441]LogExit: Editor shut down
[2018.04.26-23.26.04:660][441]LogExit: Transaction tracking system shut down
[2018.04.26-23.26.04:725][441]LogObj: Freed 0b from 0 cluster array pools.
[2018.04.26-23.26.04:725][441]LogExit: Object subsystem successfully closed.
[2018.04.26-23.26.04:743][441]LogD3D11RHI: Shutdown
[2018.04.26-23.26.04:743][441]LogD3D11RHI: CleanupD3DDevice
[2018.04.26-23.26.04:817][441]LogD3D11RHI: ~FD3D11DynamicRHI
[2018.04.26-23.26.04:825][441]LogModuleManager: Shutting down and abandoning module MovieSceneCapture (526)
[2018.04.26-23.26.04:825][441]LogModuleManager: Shutting down and abandoning module HierarchicalLODOutliner (524)
[2018.04.26-23.26.04:825][441]LogModuleManager: Shutting down and abandoning module CrashTracker (522)
[2018.04.26-23.26.04:825][441]LogModuleManager: Shutting down and abandoning module SceneOutliner (520)
[2018.04.26-23.26.04:825][441]LogModuleManager: Shutting down and abandoning module AddContentDialog (518)
[2018.04.26-23.26.04:825][441]LogDirectoryWatcher: A directory notification for 'C:/Program Files (x86)/Epic Games/4.16/FeaturePacks/' was aborted.
[2018.04.26-23.26.04:826][441]LogModuleManager: Shutting down and abandoning module WidgetCarousel (517)
[2018.04.26-23.26.04:826][441]LogModuleManager: Shutting down and abandoning module EditorWidgets (514)
[2018.04.26-23.26.04:826][441]LogModuleManager: Shutting down and abandoning module CollectionManager (512)
[2018.04.26-23.26.04:826][441]LogDirectoryWatcher: A directory notification for 'D:/ProjectbadSVN/trunk/Content/Collections/' was aborted.
[2018.04.26-23.26.04:826][441]LogDirectoryWatcher: A directory notification for 'D:/ProjectbadSVN/trunk/Content/Developers/student/Collections/' was aborted.
[2018.04.26-23.26.04:826][441]LogDirectoryWatcher: A directory notification for 'D:/ProjectbadSVN/trunk/Saved/Collections/' was aborted.
[2018.04.26-23.26.04:826][441]LogModuleManager: Shutting down and abandoning module StatsViewer (510)
[2018.04.26-23.26.04:827][441]LogModuleManager: Shutting down and abandoning module FoliageEdit (508)
[2018.04.26-23.26.04:827][441]LogModuleManager: Shutting down and abandoning module LandscapeEditor (506)
[2018.04.26-23.26.04:827][441]LogModuleManager: Shutting down and abandoning module MeshPaintMode (504)
[2018.04.26-23.26.04:827][441]LogModuleManager: Shutting down and abandoning module SceneDepthPickerMode (502)
[2018.04.26-23.26.04:827][441]LogModuleManager: Shutting down and abandoning module ActorPickerMode (500)
[2018.04.26-23.26.04:827][441]LogModuleManager: Shutting down and abandoning module GeometryMode (498)
[2018.04.26-23.26.04:827][441]LogModuleManager: Shutting down and abandoning module TextureAlignMode (496)
[2018.04.26-23.26.04:827][441]LogModuleManager: Shutting down and abandoning module BspMode (494)
[2018.04.26-23.26.04:827][441]LogModuleManager: Shutting down and abandoning module HardwareSurvey (492)
[2018.04.26-23.26.04:827][441]LogModuleManager: Shutting down and abandoning module SequenceRecorderSections (490)
[2018.04.26-23.26.04:827][441]LogModuleManager: Shutting down and abandoning module AutomationWorker (488)
[2018.04.26-23.26.04:827][441]LogModuleManager: Shutting down and abandoning module MatineeToLevelSequence (486)
[2018.04.26-23.26.04:827][441]LogModuleManager: Shutting down and abandoning module LevelSequenceEditor (484)
[2018.04.26-23.26.04:827][441]LogModuleManager: Shutting down and abandoning module PlacementMode (483)
[2018.04.26-23.26.04:827][441]LogModuleManager: Shutting down and abandoning module WmfMediaFactory (480)
[2018.04.26-23.26.04:827][441]LogModuleManager: Shutting down and abandoning module WmfMediaEditor (478)
[2018.04.26-23.26.04:827][441]LogModuleManager: Shutting down and abandoning module AvfMediaFactory (476)
[2018.04.26-23.26.04:827][441]LogModuleManager: Shutting down and abandoning module AvfMediaEditor (474)
[2018.04.26-23.26.04:827][441]LogModuleManager: Shutting down and abandoning module AndroidMediaFactory (472)
[2018.04.26-23.26.04:827][441]LogModuleManager: Shutting down and abandoning module Media (471)
[2018.04.26-23.26.04:827][441]LogModuleManager: Shutting down and abandoning module AndroidMediaEditor (468)
[2018.04.26-23.26.04:827][441]LogModuleManager: Shutting down and abandoning module CharacterAI (466)
[2018.04.26-23.26.04:827][441]LogModuleManager: Shutting down and abandoning module AudioCapture (464)
[2018.04.26-23.26.04:827][441]LogModuleManager: Shutting down and abandoning module SequenceRecorder (463)
[2018.04.26-23.26.04:827][441]LogModuleManager: Shutting down and abandoning module SmartSnapping (460)
[2018.04.26-23.26.04:827][441]LogModuleManager: Shutting down and abandoning module SessionServices (458)
[2018.04.26-23.26.04:827][441]LogModuleManager: Shutting down and abandoning module ViewportSnapping (456)
[2018.04.26-23.26.04:827][441]LogModuleManager: Shutting down and abandoning module ViewportInteraction (454)
[2018.04.26-23.26.04:827][441]LogModuleManager: Shutting down and abandoning module ClothPainter (452)
[2018.04.26-23.26.04:827][441]LogModuleManager: Shutting down and abandoning module LogVisualizer (450)
[2018.04.26-23.26.04:827][441]LogModuleManager: Shutting down and abandoning module IntroTutorials (448)
[2018.04.26-23.26.04:827][441]LogModuleManager: Shutting down and abandoning module GameProjectGeneration (447)
[2018.04.26-23.26.04:827][441]LogModuleManager: Shutting down and abandoning module EditorLiveStreaming (444)
[2018.04.26-23.26.04:827][441]LogModuleManager: Shutting down and abandoning module IOSPlatformEditor (442)
[2018.04.26-23.26.04:827][441]LogModuleManager: Shutting down and abandoning module HTML5PlatformEditor (440)
[2018.04.26-23.26.04:827][441]LogModuleManager: Shutting down and abandoning module AndroidPlatformEditor (438)
[2018.04.26-23.26.04:827][441]LogModuleManager: Shutting down and abandoning module AndroidDeviceDetection (437)
[2018.04.26-23.26.05:545][441]LogModuleManager: Shutting down and abandoning module IOSRuntimeSettings (434)
[2018.04.26-23.26.05:545][441]LogModuleManager: Shutting down and abandoning module AndroidRuntimeSettings (432)
[2018.04.26-23.26.05:545][441]LogModuleManager: Shutting down and abandoning module InputBindingEditor (430)
[2018.04.26-23.26.05:545][441]LogModuleManager: Shutting down and abandoning module MergeActors (428)
[2018.04.26-23.26.05:545][441]LogModuleManager: Shutting down and abandoning module SizeMap (426)
[2018.04.26-23.26.05:545][441]LogModuleManager: Shutting down and abandoning module TreeMap (424)
[2018.04.26-23.26.05:545][441]LogModuleManager: Shutting down and abandoning module ReferenceViewer (422)
[2018.04.26-23.26.05:545][441]LogModuleManager: Shutting down and abandoning module LocalizationDashboard (420)
[2018.04.26-23.26.05:545][441]LogModuleManager: Shutting down and abandoning module LocalizationService (419)
[2018.04.26-23.26.05:545][441]LogModuleManager: Shutting down and abandoning module HardwareTargeting (416)
[2018.04.26-23.26.05:545][441]LogModuleManager: Shutting down and abandoning module DeviceProfileEditor (414)
[2018.04.26-23.26.05:545][441]LogModuleManager: Shutting down and abandoning module UndoHistory (412)
[2018.04.26-23.26.05:545][441]LogModuleManager: Shutting down and abandoning module UserFeedback (410)
[2018.04.26-23.26.05:545][441]LogModuleManager: Shutting down and abandoning module XmlParser (408)
[2018.04.26-23.26.05:545][441]LogModuleManager: Shutting down and abandoning module Blutility (406)
[2018.04.26-23.26.05:545][441]LogModuleManager: Shutting down and abandoning module ProjectSettingsViewer (404)
[2018.04.26-23.26.05:545][441]LogModuleManager: Shutting down and abandoning module ProjectTargetPlatformEditor (403)
[2018.04.26-23.26.05:545][441]LogModuleManager: Shutting down and abandoning module EditorSettingsViewer (400)
[2018.04.26-23.26.05:545][441]LogModuleManager: Shutting down and abandoning module SettingsEditor (398)
[2018.04.26-23.26.05:546][441]LogModuleManager: Shutting down and abandoning module ProjectLauncher (396)
[2018.04.26-23.26.05:546][441]LogModuleManager: Shutting down and abandoning module SessionFrontend (394)
[2018.04.26-23.26.05:546][441]LogModuleManager: Shutting down and abandoning module ProfilerClient (392)
[2018.04.26-23.26.05:546][441]LogModuleManager: Shutting down and abandoning module DeviceManager (390)
[2018.04.26-23.26.05:546][441]LogModuleManager: Shutting down and abandoning module TargetDeviceServices (389)
[2018.04.26-23.26.05:596][441]LogModuleManager: Shutting down and abandoning module AutomationController (386)
[2018.04.26-23.26.05:596][441]LogModuleManager: Shutting down and abandoning module AutomationWindow (384)
[2018.04.26-23.26.05:596][441]LogModuleManager: Shutting down and abandoning module Layers (382)
[2018.04.26-23.26.05:596][441]LogModuleManager: Shutting down and abandoning module ComponentVisualizers (380)
[2018.04.26-23.26.05:596][441]LogModuleManager: Shutting down and abandoning module DetailCustomizations (378)
[2018.04.26-23.26.05:596][441]LogModuleManager: Shutting down and abandoning module PackagesDialog (376)
[2018.04.26-23.26.05:596][441]LogModuleManager: Shutting down and abandoning module Persona (374)
[2018.04.26-23.26.05:596][441]LogModuleManager: Shutting down and abandoning module AdvancedPreviewScene (373)
[2018.04.26-23.26.05:596][441]LogModuleManager: Shutting down and abandoning module AnimGraph (371)
[2018.04.26-23.26.05:596][441]LogModuleManager: Shutting down and abandoning module Kismet (368)
[2018.04.26-23.26.05:597][441]LogModuleManager: Shutting down and abandoning module ClassViewer (366)
[2018.04.26-23.26.05:597][441]LogModuleManager: Shutting down and abandoning module Toolbox (364)
[2018.04.26-23.26.05:597][441]LogModuleManager: Shutting down and abandoning module ModuleUI (362)
[2018.04.26-23.26.05:597][441]LogModuleManager: Shutting down and abandoning module MovieSceneTools (360)
[2018.04.26-23.26.05:597][441]LogModuleManager: Shutting down and abandoning module OutputLog (358)
[2018.04.26-23.26.05:597][441]LogModuleManager: Shutting down and abandoning module GammaUI (356)
[2018.04.26-23.26.05:597][441]LogModuleManager: Shutting down and abandoning module Documentation (354)
[2018.04.26-23.26.05:597][441]LogModuleManager: Shutting down and abandoning module MovieSceneTracks (352)
[2018.04.26-23.26.05:597][441]LogModuleManager: Shutting down and abandoning module MovieScene (350)
[2018.04.26-23.26.05:597][441]LogModuleManager: Shutting down and abandoning module Niagara (348)
[2018.04.26-23.26.05:597][441]LogModuleManager: Shutting down and abandoning module NiagaraEditor (347)
[2018.04.26-23.26.05:597][441]LogModuleManager: Shutting down and abandoning module StreamingPauseRendering (344)
[2018.04.26-23.26.05:597][441]LogModuleManager: Shutting down and abandoning module AnalyticsET (342)
[2018.04.26-23.26.05:597][441]LogModuleManager: Shutting down and abandoning module PortalServices (340)
[2018.04.26-23.26.05:597][441]LogModuleManager: Shutting down and abandoning module PortalRpc (338)
[2018.04.26-23.26.05:597][441]LogModuleManager: Shutting down and abandoning module MessagingRpc (336)
[2018.04.26-23.26.05:597][441]LogModuleManager: Shutting down and abandoning module AIModule (334)
[2018.04.26-23.26.05:597][441]LogModuleManager: Shutting down and abandoning module GameplayDebugger (333)
[2018.04.26-23.26.05:597][441]LogModuleManager: Shutting down and abandoning module AITestSuite (331)
[2018.04.26-23.26.05:597][441]LogModuleManager: Shutting down and abandoning module ProfilerService (328)
[2018.04.26-23.26.05:744][441]LogModuleManager: Shutting down and abandoning module TaskGraph (326)
[2018.04.26-23.26.05:744][441]LogModuleManager: Shutting down and abandoning module SteamVRController (324)
[2018.04.26-23.26.05:744][441]LogModuleManager: Shutting down and abandoning module SteamVR (322)
[2018.04.26-23.26.05:744][441]LogModuleManager: Shutting down and abandoning module ProceduralMeshComponentEditor (320)
[2018.04.26-23.26.05:744][441]LogModuleManager: Shutting down and abandoning module ProceduralMeshComponent (318)
[2018.04.26-23.26.05:744][441]LogModuleManager: Shutting down and abandoning module OculusLibrary (316)
[2018.04.26-23.26.05:744][441]LogModuleManager: Shutting down and abandoning module OculusInput (314)
[2018.04.26-23.26.05:744][441]LogModuleManager: Shutting down and abandoning module MobilePatchingUtils (312)
[2018.04.26-23.26.05:744][441]LogModuleManager: Shutting down and abandoning module CustomMeshComponent (310)
[2018.04.26-23.26.05:744][441]LogModuleManager: Shutting down and abandoning module CableComponent (308)
[2018.04.26-23.26.05:744][441]LogModuleManager: Shutting down and abandoning module ArchVisCharacter (306)
[2018.04.26-23.26.05:744][441]LogModuleManager: Shutting down and abandoning module AndroidPermission (304)
[2018.04.26-23.26.05:744][441]LogModuleManager: Shutting down and abandoning module MediaPlayerEditor (300)
[2018.04.26-23.26.05:744][441]LogModuleManager: Shutting down and abandoning module HTML5Networking (298)
[2018.04.26-23.26.05:744][441]LogModuleManager: Shutting down and abandoning module AlembicImporter (296)
[2018.04.26-23.26.05:744][441]LogModuleManager: Shutting down and abandoning module AlembicLibrary (295)
[2018.04.26-23.26.05:744][441]LogModuleManager: Shutting down and abandoning module GeometryCache (294)
[2018.04.26-23.26.05:744][441]LogModuleManager: Shutting down and abandoning module GeometryCacheEd (293)
[2018.04.26-23.26.05:744][441]LogModuleManager: Shutting down and abandoning module SuperSearchEditor (288)
[2018.04.26-23.26.05:744][441]LogModuleManager: Shutting down and abandoning module SuperSearch (287)
[2018.04.26-23.26.05:744][441]LogModuleManager: Shutting down and abandoning module SpeedTreeImporter (284)
[2018.04.26-23.26.05:744][441]LogModuleManager: Shutting down and abandoning module PluginBrowser (282)
[2018.04.26-23.26.05:744][441]LogModuleManager: Shutting down and abandoning module MobileLauncherProfileWizard (280)
[2018.04.26-23.26.05:744][441]LogModuleManager: Shutting down and abandoning module VisualStudioSourceCodeAccess (278)
[2018.04.26-23.26.05:744][441]LogModuleManager: Shutting down and abandoning module DesktopPlatform (277)
[2018.04.26-23.26.05:744][441]LogModuleManager: Shutting down and abandoning module UObjectPlugin (274)
[2018.04.26-23.26.05:744][441]LogModuleManager: Shutting down and abandoning module SubversionSourceControl (272)
[2018.04.26-23.26.05:744][441]LogModuleManager: Shutting down and abandoning module PerforceSourceControl (270)
[2018.04.26-23.26.05:744][441]LogModuleManager: Shutting down and abandoning module GitSourceControl (268)
[2018.04.26-23.26.05:745][441]LogModuleManager: Shutting down and abandoning module SourceControl (267)
[2018.04.26-23.26.05:745][441]LogModuleManager: Shutting down and abandoning module LightPropagationVolumeEditor (264)
[2018.04.26-23.26.05:745][441]LogModuleManager: Shutting down and abandoning module PaperTiledImporter (262)
[2018.04.26-23.26.05:745][441]LogModuleManager: Shutting down and abandoning module PaperSpriteSheetImporter (260)
[2018.04.26-23.26.05:745][441]LogModuleManager: Shutting down and abandoning module Paper2DEditor (258)
[2018.04.26-23.26.05:745][441]LogModuleManager: Shutting down and abandoning module MeshPaint (257)
[2018.04.26-23.26.05:745][441]LogModuleManager: Shutting down and abandoning module LevelEditor (255)
[2018.04.26-23.26.05:745][441]LogModuleManager: Shutting down and abandoning module PixelInspectorModule (254)
[2018.04.26-23.26.05:745][441]LogModuleManager: Shutting down and abandoning module MainFrame (252)
[2018.04.26-23.26.05:745][441]LogModuleManager: Shutting down and abandoning module HotReload (251)
[2018.04.26-23.26.05:746][441]LogModuleManager: Shutting down and abandoning module PhysXVehiclesEditor (246)
[2018.04.26-23.26.05:746][441]LogModuleManager: Shutting down and abandoning module PhysXVehicles (244)
[2018.04.26-23.26.05:746][441]LogModuleManager: Shutting down and abandoning module LocationServicesBPLibrary (242)
[2018.04.26-23.26.05:746][441]LogModuleManager: Shutting down and abandoning module ImmediatePhysicsEditor (240)
[2018.04.26-23.26.05:746][441]LogModuleManager: Shutting down and abandoning module ImmediatePhysics (238)
[2018.04.26-23.26.05:746][441]LogModuleManager: Shutting down and abandoning module UdpMessaging (236)
[2018.04.26-23.26.05:846][441]LogModuleManager: Shutting down and abandoning module TcpMessaging (234)
[2018.04.26-23.26.05:946][441]LogModuleManager: Shutting down and abandoning module GameplayTagsEditor (232)
[2018.04.26-23.26.05:946][441]LogModuleManager: Shutting down and abandoning module FacialAnimationEditor (230)
[2018.04.26-23.26.05:946][441]LogModuleManager: Shutting down and abandoning module FacialAnimation (228)
[2018.04.26-23.26.05:946][441]LogModuleManager: Shutting down and abandoning module AssetManagerEditor (226)
[2018.04.26-23.26.05:946][441]LogModuleManager: Shutting down and abandoning module GraphEditor (225)
[2018.04.26-23.26.05:946][441]LogModuleManager: Shutting down and abandoning module ContentBrowser (223)
[2018.04.26-23.26.05:947][441]LogModuleManager: Shutting down and abandoning module LightPropagationVolumeRuntime (220)
[2018.04.26-23.26.05:947][441]LogModuleManager: Shutting down and abandoning module Paper2D (218)
[2018.04.26-23.26.05:947][441]LogModuleManager: Shutting down and abandoning module WindowsMoviePlayer (216)
[2018.04.26-23.26.05:947][441]LogModuleManager: Shutting down and abandoning module WmfMedia (214)
[2018.04.26-23.26.05:947][441]LogModuleManager: Shutting down and abandoning module ClothingSystemEditor (212)
[2018.04.26-23.26.05:947][441]LogModuleManager: Shutting down and abandoning module ClothingSystemRuntime (210)
[2018.04.26-23.26.05:948][441]LogModuleManager: Shutting down and abandoning module MediaAssets (208)
[2018.04.26-23.26.05:948][441]LogModuleManager: Shutting down and abandoning module GameLiveStreaming (206)
[2018.04.26-23.26.05:948][441]LogModuleManager: Shutting down and abandoning module VREditor (204)
[2018.04.26-23.26.05:948][441]LogModuleManager: Shutting down and abandoning module StringTableEditor (202)
[2018.04.26-23.26.05:948][441]LogModuleManager: Shutting down and abandoning module GameplayTasksEditor (200)
[2018.04.26-23.26.05:948][441]LogModuleManager: Shutting down and abandoning module BehaviorTreeEditor (198)
[2018.04.26-23.26.05:948][441]LogModuleManager: Shutting down and abandoning module FunctionalTesting (196)
[2018.04.26-23.26.05:948][441]LogModuleManager: Shutting down and abandoning module CollisionAnalyzer (194)
[2018.04.26-23.26.05:948][441]LogModuleManager: Shutting down and abandoning module UMG (192)
[2018.04.26-23.26.05:948][441]LogModuleManager: Shutting down and abandoning module UMGEditor (191)
[2018.04.26-23.26.05:948][441]LogModuleManager: Shutting down and abandoning module Sequencer (190)
[2018.04.26-23.26.05:948][441]LogModuleManager: Shutting down and abandoning module AssetTools (188)
[2018.04.26-23.26.05:948][441]LogModuleManager: Shutting down and abandoning module MessageLog (187)
[2018.04.26-23.26.05:948][441]LogModuleManager: Shutting down and abandoning module WorkspaceMenuStructure (186)
[2018.04.26-23.26.05:948][441]LogModuleManager: Shutting down and abandoning module SlateReflector (180)
[2018.04.26-23.26.05:948][441]LogModuleManager: Shutting down and abandoning module Slate (178)
[2018.04.26-23.26.05:948][441]LogModuleManager: Shutting down and abandoning module EditorStyle (176)
[2018.04.26-23.26.05:950][441]LogModuleManager: Shutting down and abandoning module SourceCodeAccess (174)
[2018.04.26-23.26.05:950][441]LogModuleManager: Shutting down and abandoning module HeadMountedDisplay (172)
[2018.04.26-23.26.05:950][441]LogModuleManager: Shutting down and abandoning module XAudio2 (170)
[2018.04.26-23.26.05:950][441]LogModuleManager: Shutting down and abandoning module Networking (168)
[2018.04.26-23.26.05:950][441]LogModuleManager: Shutting down and abandoning module Core (164)
[2018.04.26-23.26.05:950][441]LogModuleManager: Shutting down and abandoning module AssetRegistry (162)
[2018.04.26-23.26.06:024][441]LogDirectoryWatcher: A directory notification for '../../../Engine/Content/' was aborted.
[2018.04.26-23.26.06:024][441]LogDirectoryWatcher: A directory notification for 'D:/ProjectbadSVN/trunk/Content/' was aborted.
[2018.04.26-23.26.06:024][441]LogDirectoryWatcher: A directory notification for '../../../Engine/Plugins/2D/Paper2D/Content/' was aborted.
[2018.04.26-23.26.06:024][441]LogDirectoryWatcher: A directory notification for '../../../Engine/Plugins/Runtime/GearVR/Content/' was aborted.
[2018.04.26-23.26.06:026][441]LogModuleManager: Shutting down and abandoning module DirectoryWatcher (161)
[2018.04.26-23.26.06:026][441]LogModuleManager: Shutting down and abandoning module KismetCompiler (158)
[2018.04.26-23.26.06:026][441]LogModuleManager: Shutting down and abandoning module PhysXFormats (156)
[2018.04.26-23.26.06:026][441]LogModuleManager: Shutting down and abandoning module MeshUtilities (154)
[2018.04.26-23.26.06:026][441]LogModuleManager: Shutting down and abandoning module SimplygonSwarm (153)
[2018.04.26-23.26.06:026][441]LogModuleManager: Shutting down and abandoning module SimplygonMeshReduction (151)
[2018.04.26-23.26.06:026][441]LogModuleManager: Shutting down and abandoning module QuadricMeshReduction (149)
[2018.04.26-23.26.06:026][441]LogModuleManager: Shutting down and abandoning module LevelSequence (146)
[2018.04.26-23.26.06:026][441]LogModuleManager: Shutting down and abandoning module DerivedDataCache (144)
[2018.04.26-23.26.06:062][441]LogDerivedDataCache: Shutdown
[2018.04.26-23.26.06:062][441]LogModuleManager: Shutting down and abandoning module TargetPlatform (142)
[2018.04.26-23.26.06:062][441]LogModuleManager: Shutting down and abandoning module VulkanShaderFormat (141)
[2018.04.26-23.26.06:062][441]LogModuleManager: Shutting down and abandoning module ShaderFormatVectorVM (139)
[2018.04.26-23.26.06:062][441]LogModuleManager: Shutting down and abandoning module ShaderFormatOpenGL (137)
[2018.04.26-23.26.06:062][441]LogModuleManager: Shutting down and abandoning module ShaderFormatD3D (135)
[2018.04.26-23.26.06:062][441]LogModuleManager: Shutting down and abandoning module MetalShaderFormat (133)
[2018.04.26-23.26.06:062][441]LogModuleManager: Shutting down and abandoning module TextureFormatUncompressed (131)
[2018.04.26-23.26.06:062][441]LogModuleManager: Shutting down and abandoning module TextureFormatPVR (129)
[2018.04.26-23.26.06:062][441]LogModuleManager: Shutting down and abandoning module TextureFormatDXT (127)
[2018.04.26-23.26.06:062][441]LogModuleManager: Shutting down and abandoning module TextureFormatIntelISPCTexComp (125)
[2018.04.26-23.26.06:062][441]LogModuleManager: Shutting down and abandoning module TextureFormatASTC (123)
[2018.04.26-23.26.06:062][441]LogModuleManager: Shutting down and abandoning module ImageWrapper (122)
[2018.04.26-23.26.06:062][441]LogModuleManager: Shutting down and abandoning module TextureFormatAndroid (119)
[2018.04.26-23.26.06:062][441]LogModuleManager: Shutting down and abandoning module AudioFormatOpus (117)
[2018.04.26-23.26.06:062][441]LogModuleManager: Shutting down and abandoning module AudioFormatOgg (115)
[2018.04.26-23.26.06:062][441]LogModuleManager: Shutting down and abandoning module AudioFormatADPCM (113)
[2018.04.26-23.26.06:062][441]LogModuleManager: Shutting down and abandoning module LinuxTargetPlatform (111)
[2018.04.26-23.26.06:062][441]LogModuleManager: Shutting down and abandoning module LinuxServerTargetPlatform (109)
[2018.04.26-23.26.06:062][441]LogModuleManager: Shutting down and abandoning module LinuxNoEditorTargetPlatform (107)
[2018.04.26-23.26.06:062][441]LogModuleManager: Shutting down and abandoning module LinuxClientTargetPlatform (105)
[2018.04.26-23.26.06:062][441]LogModuleManager: Shutting down and abandoning module TVOSTargetPlatform (103)
[2018.04.26-23.26.06:062][441]LogModuleManager: Shutting down and abandoning module Messaging (101)
[2018.04.26-23.26.06:062][441]LogModuleManager: Shutting down and abandoning module IOSTargetPlatform (99)
[2018.04.26-23.26.06:062][441]LogModuleManager: Shutting down and abandoning module HTML5TargetPlatform (97)
[2018.04.26-23.26.06:062][441]LogModuleManager: Shutting down and abandoning module Android_PVRTCTargetPlatform (95)
[2018.04.26-23.26.06:062][441]LogModuleManager: Shutting down and abandoning module Android_MultiTargetPlatform (93)
[2018.04.26-23.26.06:062][441]LogModuleManager: Shutting down and abandoning module Android_ETC2TargetPlatform (91)
[2018.04.26-23.26.06:062][441]LogModuleManager: Shutting down and abandoning module Android_ETC1TargetPlatform (89)
[2018.04.26-23.26.06:062][441]LogModuleManager: Shutting down and abandoning module Android_DXTTargetPlatform (87)
[2018.04.26-23.26.06:062][441]LogModuleManager: Shutting down and abandoning module Android_ATCTargetPlatform (85)
[2018.04.26-23.26.06:062][441]LogModuleManager: Shutting down and abandoning module Android_ASTCTargetPlatform (83)
[2018.04.26-23.26.06:062][441]LogModuleManager: Shutting down and abandoning module AndroidTargetPlatform (81)
[2018.04.26-23.26.06:062][441]LogModuleManager: Shutting down and abandoning module WindowsTargetPlatform (79)
[2018.04.26-23.26.06:062][441]LogModuleManager: Shutting down and abandoning module WindowsServerTargetPlatform (77)
[2018.04.26-23.26.06:062][441]LogModuleManager: Shutting down and abandoning module WindowsNoEditorTargetPlatform (75)
[2018.04.26-23.26.06:062][441]LogModuleManager: Shutting down and abandoning module WindowsClientTargetPlatform (73)
[2018.04.26-23.26.06:062][441]LogModuleManager: Shutting down and abandoning module MacTargetPlatform (71)
[2018.04.26-23.26.06:062][441]LogModuleManager: Shutting down and abandoning module MacServerTargetPlatform (69)
[2018.04.26-23.26.06:062][441]LogModuleManager: Shutting down and abandoning module MacNoEditorTargetPlatform (67)
[2018.04.26-23.26.06:062][441]LogModuleManager: Shutting down and abandoning module MacClientTargetPlatform (65)
[2018.04.26-23.26.06:062][441]LogModuleManager: Shutting down and abandoning module AllDesktopTargetPlatform (63)
[2018.04.26-23.26.06:062][441]LogModuleManager: Shutting down and abandoning module InputCore (60)
[2018.04.26-23.26.06:062][441]LogModuleManager: Shutting down and abandoning module Settings (58)
[2018.04.26-23.26.06:062][441]LogModuleManager: Shutting down and abandoning module OculusRift (56)
[2018.04.26-23.26.06:062][441]LogModuleManager: Shutting down and abandoning module GearVRController (54)
[2018.04.26-23.26.06:062][441]LogModuleManager: Shutting down and abandoning module GearVR (52)
[2018.04.26-23.26.06:063][441]LogModuleManager: Shutting down and abandoning module ExampleDeviceProfileSelector (50)
[2018.04.26-23.26.06:063][441]LogModuleManager: Shutting down and abandoning module OnlineBlueprintSupport (48)
[2018.04.26-23.26.06:063][441]LogModuleManager: Shutting down and abandoning module OnlineSubsystem (44)
[2018.04.26-23.26.06:063][441]LogOnline:Display: Unloading online subsystem: NULL
[2018.04.26-23.26.06:063][441]LogModuleManager: Shutting down and abandoning module XMPP (43)
[2018.04.26-23.26.06:063][441]LogModuleManager: Shutting down and abandoning module HTTP (41)
[2018.04.26-23.26.06:063][441]LogHttp:Display: Http module shutting down, but needs to wait on 1 outstanding Http requests:
[2018.04.26-23.26.06:063][441]LogHttp:Display: 	verb=[POST] url=[https://datarouter.ol.epicgames.com/datarouter/api/v1/public/data?SessionID=%7B2195C94A-4A0B-5D54-DECD-819A68346439%7D&AppID=UEEditor.Rocket.Release&AppVersion=4.16.0-3452394%2B%2B%2BUE4%2BRelease-4.16&UserID=42ed91f945ef5fec679bcc8cf2d62b6e%7Ce67724c06ae34bcab9b8bfae92f27281%7C5856b343-0bb1-4fd2-98d9-8fd0986d7c57&AppEnvironment=datacollector-binary&UploadType=eteventstream] status=Processing
[2018.04.26-23.26.06:094][441]LogModuleManager: Shutting down and abandoning module SSL (40)
[2018.04.26-23.26.06:095][441]LogModuleManager: Shutting down and abandoning module HTTPChunkInstaller (36)
[2018.04.26-23.26.06:095][441]LogModuleManager: Shutting down and abandoning module AnimationModifiers (34)
[2018.04.26-23.26.06:095][441]LogModuleManager: Shutting down and abandoning module PropertyEditor (33)
[2018.04.26-23.26.06:095][441]LogModuleManager: Shutting down and abandoning module AudioEditor (30)
[2018.04.26-23.26.06:095][441]LogModuleManager: Shutting down and abandoning module TextureCompressor (28)
[2018.04.26-23.26.06:095][441]LogModuleManager: Shutting down and abandoning module ShaderCore (26)
[2018.04.26-23.26.06:095][441]LogModuleManager: Shutting down and abandoning module Landscape (24)
[2018.04.26-23.26.06:095][441]LogModuleManager: Shutting down and abandoning module SlateRHIRenderer (22)
[2018.04.26-23.26.06:096][441]LogModuleManager: Shutting down and abandoning module OpenGLDrv (20)
[2018.04.26-23.26.06:096][441]LogModuleManager: Shutting down and abandoning module D3D11RHI (18)
[2018.04.26-23.26.06:096][441]LogModuleManager: Shutting down and abandoning module AnimGraphRuntime (16)
[2018.04.26-23.26.06:096][441]LogModuleManager: Shutting down and abandoning module Renderer (14)
[2018.04.26-23.26.06:096][441]LogModuleManager: Shutting down and abandoning module Engine (12)
[2018.04.26-23.26.06:096][441]LogModuleManager: Shutting down and abandoning module CoreUObject (10)
[2018.04.26-23.26.06:096][441]LogModuleManager: Shutting down and abandoning module NetworkFile (8)
[2018.04.26-23.26.06:096][441]LogModuleManager: Shutting down and abandoning module StreamingFile (6)
[2018.04.26-23.26.06:096][441]LogModuleManager: Shutting down and abandoning module SandboxFile (4)
[2018.04.26-23.26.06:096][441]LogModuleManager: Shutting down and abandoning module PakFile (2)
[2018.04.26-23.26.06:097][441]LogExit: Exiting.
[2018.04.26-23.26.06:106][441]Log file closed, 04/26/18 18:26:06
